build/app/intermediates/manifest_merge_blame_file/debug/manifest-merger-blame-debug-report.txt
1<?xml version="1.0" encoding="utf-8"?>
2<manifest xmlns:android="http://schemas.android.com/apk/res/android"
3    package="com.example.flutter_application_1"
4    android:versionCode="1"
5    android:versionName="1.0.0" >
6
7    <uses-sdk
8        android:minSdkVersion="21"
9        android:targetSdkVersion="33" />
10    <!--
11         The INTERNET permission is required for development. Specifically,
12         the Flutter tool needs it to communicate with the running application
13         to allow setting breakpoints, to provide hot reload, etc.
14    -->
15    <uses-permission android:name="android.permission.INTERNET" />
15-->src\main\AndroidManifest.xml:2:5-66
15-->src\main\AndroidManifest.xml:2:22-64
16    <uses-permission android:name="android.permission.WAKE_LOCK" />
16-->src\main\AndroidManifest.xml:3:5-67
16-->src\main\AndroidManifest.xml:3:22-65
17    <uses-permission android:name="android.permission.VIBRATE" />
17-->src\main\AndroidManifest.xml:4:5-65
17-->src\main\AndroidManifest.xml:4:22-63
18    <uses-permission android:name="android.permission.ACCESS_NOTIFICATION_POLICY" />
18-->src\main\AndroidManifest.xml:5:5-84
18-->src\main\AndroidManifest.xml:5:22-82
19    <uses-permission android:name="android.permission.FOREGROUND_SERVICE" />
19-->src\main\AndroidManifest.xml:6:5-76
19-->src\main\AndroidManifest.xml:6:22-74
20    <uses-permission android:name="android.permission.SCHEDULE_EXACT_ALARM" />
20-->src\main\AndroidManifest.xml:7:5-78
20-->src\main\AndroidManifest.xml:7:22-76
21    <uses-permission android:name="android.permission.USE_FULL_SCREEN_INTENT" />
21-->src\main\AndroidManifest.xml:8:5-80
21-->src\main\AndroidManifest.xml:8:22-78
22    <uses-permission android:name="android.permission.READ_EXTERNAL_STORAGE" />
22-->[:file_picker] AndroidManifest.xml:9:5-80
22-->[:file_picker] AndroidManifest.xml:9:22-77
23
24    <queries>
24-->[:file_picker] AndroidManifest.xml:11:5-17:15
25        <intent>
25-->[:file_picker] AndroidManifest.xml:12:9-16:18
26            <action android:name="android.intent.action.GET_CONTENT" />
26-->[:file_picker] AndroidManifest.xml:13:13-72
26-->[:file_picker] AndroidManifest.xml:13:21-69
27
28            <data android:mimeType="*/*" />
28-->[:file_picker] AndroidManifest.xml:15:13-44
28-->[:file_picker] AndroidManifest.xml:15:19-41
29        </intent>
30    </queries>
31
32    <uses-permission android:name="android.permission.POST_NOTIFICATIONS" />
32-->[:awesome_notifications] AndroidManifest.xml:9:5-77
32-->[:awesome_notifications] AndroidManifest.xml:9:22-74
33    <uses-permission android:name="android.permission.BROADCAST_CLOSE_SYSTEM_DIALOGS" />
33-->[:awesome_notifications] AndroidManifest.xml:10:5-89
33-->[:awesome_notifications] AndroidManifest.xml:10:22-86
34    <uses-permission android:name="android.permission.RECEIVE_BOOT_COMPLETED" />
34-->[:awesome_notifications] AndroidManifest.xml:11:5-81
34-->[:awesome_notifications] AndroidManifest.xml:11:22-78
35    <uses-permission
35-->[me.carda:AndroidAwnCore:0.7.6] AndroidManifest.xml:10:5-12:38
36        android:name="android.permission.BIND_NOTIFICATION_LISTENER_SERVICE"
36-->[me.carda:AndroidAwnCore:0.7.6] AndroidManifest.xml:11:9-77
37        android:maxSdkVersion="22" />
37-->[me.carda:AndroidAwnCore:0.7.6] AndroidManifest.xml:12:9-35
38
39    <permission
39-->[androidx.core:core:1.10.1] AndroidManifest.xml:22:5-24:47
40        android:name="com.example.flutter_application_1.DYNAMIC_RECEIVER_NOT_EXPORTED_PERMISSION"
40-->[androidx.core:core:1.10.1] AndroidManifest.xml:23:9-81
41        android:protectionLevel="signature" />
41-->[androidx.core:core:1.10.1] AndroidManifest.xml:24:9-44
42
43    <uses-permission android:name="com.example.flutter_application_1.DYNAMIC_RECEIVER_NOT_EXPORTED_PERMISSION" /> <!-- for android -->
43-->[androidx.core:core:1.10.1] AndroidManifest.xml:26:5-97
43-->[androidx.core:core:1.10.1] AndroidManifest.xml:26:22-94
44    <!-- <uses-permission android:name="com.android.launcher.permission.READ_SETTINGS"/> -->
45    <!-- <uses-permission android:name="com.android.launcher.permission.WRITE_SETTINGS"/> -->
46    <!-- <uses-permission android:name="com.android.launcher.permission.INSTALL_SHORTCUT" /> -->
47    <!-- <uses-permission android:name="com.android.launcher.permission.UNINSTALL_SHORTCUT" /> -->
48    <!-- for Samsung -->
49    <uses-permission android:name="com.sec.android.provider.badge.permission.READ" />
49-->[me.leolin:ShortcutBadger:1.1.22] AndroidManifest.xml:19:5-86
49-->[me.leolin:ShortcutBadger:1.1.22] AndroidManifest.xml:19:22-83
50    <uses-permission android:name="com.sec.android.provider.badge.permission.WRITE" /> <!-- for htc -->
50-->[me.leolin:ShortcutBadger:1.1.22] AndroidManifest.xml:20:5-87
50-->[me.leolin:ShortcutBadger:1.1.22] AndroidManifest.xml:20:22-84
51    <uses-permission android:name="com.htc.launcher.permission.READ_SETTINGS" />
51-->[me.leolin:ShortcutBadger:1.1.22] AndroidManifest.xml:23:5-81
51-->[me.leolin:ShortcutBadger:1.1.22] AndroidManifest.xml:23:22-78
52    <uses-permission android:name="com.htc.launcher.permission.UPDATE_SHORTCUT" /> <!-- for sony -->
52-->[me.leolin:ShortcutBadger:1.1.22] AndroidManifest.xml:24:5-83
52-->[me.leolin:ShortcutBadger:1.1.22] AndroidManifest.xml:24:22-80
53    <uses-permission android:name="com.sonyericsson.home.permission.BROADCAST_BADGE" />
53-->[me.leolin:ShortcutBadger:1.1.22] AndroidManifest.xml:27:5-88
53-->[me.leolin:ShortcutBadger:1.1.22] AndroidManifest.xml:27:22-85
54    <uses-permission android:name="com.sonymobile.home.permission.PROVIDER_INSERT_BADGE" /> <!-- for apex -->
54-->[me.leolin:ShortcutBadger:1.1.22] AndroidManifest.xml:28:5-92
54-->[me.leolin:ShortcutBadger:1.1.22] AndroidManifest.xml:28:22-89
55    <uses-permission android:name="com.anddoes.launcher.permission.UPDATE_COUNT" /> <!-- for solid -->
55-->[me.leolin:ShortcutBadger:1.1.22] AndroidManifest.xml:31:5-84
55-->[me.leolin:ShortcutBadger:1.1.22] AndroidManifest.xml:31:22-81
56    <uses-permission android:name="com.majeur.launcher.permission.UPDATE_BADGE" /> <!-- for huawei -->
56-->[me.leolin:ShortcutBadger:1.1.22] AndroidManifest.xml:34:5-83
56-->[me.leolin:ShortcutBadger:1.1.22] AndroidManifest.xml:34:22-80
57    <uses-permission android:name="com.huawei.android.launcher.permission.CHANGE_BADGE" />
57-->[me.leolin:ShortcutBadger:1.1.22] AndroidManifest.xml:37:5-91
57-->[me.leolin:ShortcutBadger:1.1.22] AndroidManifest.xml:37:22-88
58    <uses-permission android:name="com.huawei.android.launcher.permission.READ_SETTINGS" />
58-->[me.leolin:ShortcutBadger:1.1.22] AndroidManifest.xml:38:5-92
58-->[me.leolin:ShortcutBadger:1.1.22] AndroidManifest.xml:38:22-89
59    <uses-permission android:name="com.huawei.android.launcher.permission.WRITE_SETTINGS" /> <!-- for ZUK -->
59-->[me.leolin:ShortcutBadger:1.1.22] AndroidManifest.xml:39:5-93
59-->[me.leolin:ShortcutBadger:1.1.22] AndroidManifest.xml:39:22-90
60    <uses-permission android:name="android.permission.READ_APP_BADGE" /> <!-- for OPPO -->
60-->[me.leolin:ShortcutBadger:1.1.22] AndroidManifest.xml:42:5-73
60-->[me.leolin:ShortcutBadger:1.1.22] AndroidManifest.xml:42:22-70
61    <uses-permission android:name="com.oppo.launcher.permission.READ_SETTINGS" />
61-->[me.leolin:ShortcutBadger:1.1.22] AndroidManifest.xml:45:5-82
61-->[me.leolin:ShortcutBadger:1.1.22] AndroidManifest.xml:45:22-79
62    <uses-permission android:name="com.oppo.launcher.permission.WRITE_SETTINGS" /> <!-- for EvMe -->
62-->[me.leolin:ShortcutBadger:1.1.22] AndroidManifest.xml:46:5-83
62-->[me.leolin:ShortcutBadger:1.1.22] AndroidManifest.xml:46:22-80
63    <uses-permission android:name="me.everything.badger.permission.BADGE_COUNT_READ" />
63-->[me.leolin:ShortcutBadger:1.1.22] AndroidManifest.xml:49:5-88
63-->[me.leolin:ShortcutBadger:1.1.22] AndroidManifest.xml:49:22-85
64    <uses-permission android:name="me.everything.badger.permission.BADGE_COUNT_WRITE" />
64-->[me.leolin:ShortcutBadger:1.1.22] AndroidManifest.xml:50:5-89
64-->[me.leolin:ShortcutBadger:1.1.22] AndroidManifest.xml:50:22-86
65
66    <application
67        android:name="android.app.Application"
68        android:appComponentFactory="androidx.core.app.CoreComponentFactory"
68-->[androidx.core:core:1.10.1] AndroidManifest.xml:28:18-86
69        android:debuggable="true"
70        android:icon="@mipmap/launcher_icon"
71        android:label="Healthy Kids" >
72        <activity
73            android:name="com.example.flutter_application_1.MainActivity"
74            android:configChanges="orientation|keyboardHidden|keyboard|screenSize|smallestScreenSize|locale|layoutDirection|fontScale|screenLayout|density|uiMode"
75            android:exported="true"
76            android:hardwareAccelerated="true"
77            android:launchMode="singleTop"
78            android:theme="@style/LaunchTheme"
79            android:windowSoftInputMode="adjustResize" >
80
81            <!--
82                 Specifies an Android theme to apply to this Activity as soon as
83                 the Android process has started. This theme is visible to the user
84                 while the Flutter UI initializes. After that, this theme continues
85                 to determine the Window background behind the Flutter UI.
86            -->
87            <meta-data
88                android:name="io.flutter.embedding.android.NormalTheme"
89                android:resource="@style/NormalTheme" />
90
91            <intent-filter>
92                <action android:name="android.intent.action.MAIN" />
93
94                <category android:name="android.intent.category.LAUNCHER" />
95            </intent-filter>
96        </activity>
97        <!--
98             Don't delete the meta-data below.
99             This is used by the Flutter tool to generate GeneratedPluginRegistrant.java
100        -->
101        <meta-data
102            android:name="flutterEmbedding"
103            android:value="2" />
104
105        <provider
105-->[:image_picker_android] AndroidManifest.xml:10:9-18:20
106            android:name="io.flutter.plugins.imagepicker.ImagePickerFileProvider"
106-->[:image_picker_android] AndroidManifest.xml:11:13-82
107            android:authorities="com.example.flutter_application_1.flutter.image_provider"
107-->[:image_picker_android] AndroidManifest.xml:12:13-74
108            android:exported="false"
108-->[:image_picker_android] AndroidManifest.xml:13:13-37
109            android:grantUriPermissions="true" >
109-->[:image_picker_android] AndroidManifest.xml:14:13-47
110            <meta-data
110-->[:image_picker_android] AndroidManifest.xml:15:13-17:75
111                android:name="android.support.FILE_PROVIDER_PATHS"
111-->[:image_picker_android] AndroidManifest.xml:16:17-67
112                android:resource="@xml/flutter_image_picker_file_paths" />
112-->[:image_picker_android] AndroidManifest.xml:17:17-72
113        </provider>
114
115        <receiver
115-->[:awesome_notifications] AndroidManifest.xml:15:9-17:39
116            android:name="me.carda.awesome_notifications.DartNotificationActionReceiver"
116-->[:awesome_notifications] AndroidManifest.xml:16:13-89
117            android:exported="true" />
117-->[:awesome_notifications] AndroidManifest.xml:17:13-36
118        <receiver
118-->[:awesome_notifications] AndroidManifest.xml:18:9-20:39
119            android:name="me.carda.awesome_notifications.DartDismissedNotificationReceiver"
119-->[:awesome_notifications] AndroidManifest.xml:19:13-92
120            android:exported="true" />
120-->[:awesome_notifications] AndroidManifest.xml:20:13-36
121        <receiver
121-->[:awesome_notifications] AndroidManifest.xml:21:9-23:39
122            android:name="me.carda.awesome_notifications.DartScheduledNotificationReceiver"
122-->[:awesome_notifications] AndroidManifest.xml:22:13-92
123            android:exported="true" />
123-->[:awesome_notifications] AndroidManifest.xml:23:13-36
124        <receiver
124-->[:awesome_notifications] AndroidManifest.xml:24:9-38:20
125            android:name="me.carda.awesome_notifications.DartRefreshSchedulesReceiver"
125-->[:awesome_notifications] AndroidManifest.xml:25:13-87
126            android:enabled="true"
126-->[:awesome_notifications] AndroidManifest.xml:26:13-35
127            android:exported="true" >
127-->[:awesome_notifications] AndroidManifest.xml:27:13-36
128            <intent-filter>
128-->[:awesome_notifications] AndroidManifest.xml:28:13-37:29
129                <category android:name="android.intent.category.DEFAULT" />
129-->[:awesome_notifications] AndroidManifest.xml:29:17-76
129-->[:awesome_notifications] AndroidManifest.xml:29:27-73
130
131                <action android:name="android.intent.action.BOOT_COMPLETED" />
131-->[:awesome_notifications] AndroidManifest.xml:31:17-79
131-->[:awesome_notifications] AndroidManifest.xml:31:25-76
132                <action android:name="android.intent.action.LOCKED_BOOT_COMPLETED" />
132-->[:awesome_notifications] AndroidManifest.xml:32:17-86
132-->[:awesome_notifications] AndroidManifest.xml:32:25-83
133                <action android:name="android.intent.action.MY_PACKAGE_REPLACED" />
133-->[:awesome_notifications] AndroidManifest.xml:33:17-84
133-->[:awesome_notifications] AndroidManifest.xml:33:25-81
134                <action android:name="android.intent.action.QUICKBOOT_POWERON" />
134-->[:awesome_notifications] AndroidManifest.xml:34:17-82
134-->[:awesome_notifications] AndroidManifest.xml:34:25-79
135                <action android:name="com.htc.intent.action.QUICKBOOT_POWERON" />
135-->[:awesome_notifications] AndroidManifest.xml:35:17-82
135-->[:awesome_notifications] AndroidManifest.xml:35:25-79
136                <action android:name="android.app.action.SCHEDULE_EXACT_ALARM_PERMISSION_STATE_CHANGED" />
136-->[:awesome_notifications] AndroidManifest.xml:36:17-107
136-->[:awesome_notifications] AndroidManifest.xml:36:25-104
137            </intent-filter>
138        </receiver>
139
140        <service
140-->[:awesome_notifications] AndroidManifest.xml:40:9-43:72
141            android:name="me.carda.awesome_notifications.DartBackgroundService"
141-->[:awesome_notifications] AndroidManifest.xml:41:13-80
142            android:exported="false"
142-->[:awesome_notifications] AndroidManifest.xml:42:13-37
143            android:permission="android.permission.BIND_JOB_SERVICE" />
143-->[:awesome_notifications] AndroidManifest.xml:43:13-69
144        <service
144-->[:awesome_notifications] AndroidManifest.xml:44:9-49:43
145            android:name="me.carda.awesome_notifications.core.services.ForegroundService"
145-->[:awesome_notifications] AndroidManifest.xml:45:13-90
146            android:enabled="true"
146-->[:awesome_notifications] AndroidManifest.xml:46:13-35
147            android:exported="false"
147-->[:awesome_notifications] AndroidManifest.xml:47:13-37
148            android:foregroundServiceType="phoneCall"
148-->[:awesome_notifications] AndroidManifest.xml:48:13-54
149            android:stopWithTask="true" />
149-->[:awesome_notifications] AndroidManifest.xml:49:13-40
150        <service
150-->[me.carda:AndroidAwnCore:0.7.6] AndroidManifest.xml:21:9-28:19
151            android:name="me.carda.awesome_notifications.core.managers.StatusBarManager"
151-->[me.carda:AndroidAwnCore:0.7.6] AndroidManifest.xml:22:13-89
152            android:exported="true"
152-->[me.carda:AndroidAwnCore:0.7.6] AndroidManifest.xml:23:13-36
153            android:label="My Notification Listener Service" >
153-->[me.carda:AndroidAwnCore:0.7.6] AndroidManifest.xml:24:13-61
154            <intent-filter>
154-->[me.carda:AndroidAwnCore:0.7.6] AndroidManifest.xml:25:13-27:29
155                <action android:name="android.service.notification.NotificationListenerService" />
155-->[me.carda:AndroidAwnCore:0.7.6] AndroidManifest.xml:26:17-99
155-->[me.carda:AndroidAwnCore:0.7.6] AndroidManifest.xml:26:25-96
156            </intent-filter>
157        </service>
158        <service
158-->[androidx.room:room-runtime:2.5.0] AndroidManifest.xml:24:9-28:63
159            android:name="androidx.room.MultiInstanceInvalidationService"
159-->[androidx.room:room-runtime:2.5.0] AndroidManifest.xml:25:13-74
160            android:directBootAware="true"
160-->[androidx.room:room-runtime:2.5.0] AndroidManifest.xml:26:13-43
161            android:exported="false" />
161-->[androidx.room:room-runtime:2.5.0] AndroidManifest.xml:27:13-37
162
163        <uses-library
163-->[androidx.window:window:1.0.0-beta04] AndroidManifest.xml:25:9-27:40
164            android:name="androidx.window.extensions"
164-->[androidx.window:window:1.0.0-beta04] AndroidManifest.xml:26:13-54
165            android:required="false" />
165-->[androidx.window:window:1.0.0-beta04] AndroidManifest.xml:27:13-37
166        <uses-library
166-->[androidx.window:window:1.0.0-beta04] AndroidManifest.xml:28:9-30:40
167            android:name="androidx.window.sidecar"
167-->[androidx.window:window:1.0.0-beta04] AndroidManifest.xml:29:13-51
168            android:required="false" />
168-->[androidx.window:window:1.0.0-beta04] AndroidManifest.xml:30:13-37
169
170        <provider
170-->[androidx.emoji2:emoji2:1.2.0] AndroidManifest.xml:24:9-32:20
171            android:name="androidx.startup.InitializationProvider"
171-->[androidx.emoji2:emoji2:1.2.0] AndroidManifest.xml:25:13-67
172            android:authorities="com.example.flutter_application_1.androidx-startup"
172-->[androidx.emoji2:emoji2:1.2.0] AndroidManifest.xml:26:13-68
173            android:exported="false" >
173-->[androidx.emoji2:emoji2:1.2.0] AndroidManifest.xml:27:13-37
174            <meta-data
174-->[androidx.emoji2:emoji2:1.2.0] AndroidManifest.xml:29:13-31:52
175                android:name="androidx.emoji2.text.EmojiCompatInitializer"
175-->[androidx.emoji2:emoji2:1.2.0] AndroidManifest.xml:30:17-75
176                android:value="androidx.startup" />
176-->[androidx.emoji2:emoji2:1.2.0] AndroidManifest.xml:31:17-49
177            <meta-data
177-->[androidx.lifecycle:lifecycle-process:2.6.1] AndroidManifest.xml:29:13-31:52
178                android:name="androidx.lifecycle.ProcessLifecycleInitializer"
178-->[androidx.lifecycle:lifecycle-process:2.6.1] AndroidManifest.xml:30:17-78
179                android:value="androidx.startup" />
179-->[androidx.lifecycle:lifecycle-process:2.6.1] AndroidManifest.xml:31:17-49
180            <meta-data
180-->[androidx.profileinstaller:profileinstaller:1.3.0] AndroidManifest.xml:29:13-31:52
181                android:name="androidx.profileinstaller.ProfileInstallerInitializer"
181-->[androidx.profileinstaller:profileinstaller:1.3.0] AndroidManifest.xml:30:17-85
182                android:value="androidx.startup" />
182-->[androidx.profileinstaller:profileinstaller:1.3.0] AndroidManifest.xml:31:17-49
183        </provider>
184
185        <receiver
185-->[androidx.profileinstaller:profileinstaller:1.3.0] AndroidManifest.xml:34:9-52:20
186            android:name="androidx.profileinstaller.ProfileInstallReceiver"
186-->[androidx.profileinstaller:profileinstaller:1.3.0] AndroidManifest.xml:35:13-76
187            android:directBootAware="false"
187-->[androidx.profileinstaller:profileinstaller:1.3.0] AndroidManifest.xml:36:13-44
188            android:enabled="true"
188-->[androidx.profileinstaller:profileinstaller:1.3.0] AndroidManifest.xml:37:13-35
189            android:exported="true"
189-->[androidx.profileinstaller:profileinstaller:1.3.0] AndroidManifest.xml:38:13-36
190            android:permission="android.permission.DUMP" >
190-->[androidx.profileinstaller:profileinstaller:1.3.0] AndroidManifest.xml:39:13-57
191            <intent-filter>
191-->[androidx.profileinstaller:profileinstaller:1.3.0] AndroidManifest.xml:40:13-42:29
192                <action android:name="androidx.profileinstaller.action.INSTALL_PROFILE" />
192-->[androidx.profileinstaller:profileinstaller:1.3.0] AndroidManifest.xml:41:17-91
192-->[androidx.profileinstaller:profileinstaller:1.3.0] AndroidManifest.xml:41:25-88
193            </intent-filter>
194            <intent-filter>
194-->[androidx.profileinstaller:profileinstaller:1.3.0] AndroidManifest.xml:43:13-45:29
195                <action android:name="androidx.profileinstaller.action.SKIP_FILE" />
195-->[androidx.profileinstaller:profileinstaller:1.3.0] AndroidManifest.xml:44:17-85
195-->[androidx.profileinstaller:profileinstaller:1.3.0] AndroidManifest.xml:44:25-82
196            </intent-filter>
197            <intent-filter>
197-->[androidx.profileinstaller:profileinstaller:1.3.0] AndroidManifest.xml:46:13-48:29
198                <action android:name="androidx.profileinstaller.action.SAVE_PROFILE" />
198-->[androidx.profileinstaller:profileinstaller:1.3.0] AndroidManifest.xml:47:17-88
198-->[androidx.profileinstaller:profileinstaller:1.3.0] AndroidManifest.xml:47:25-85
199            </intent-filter>
200            <intent-filter>
200-->[androidx.profileinstaller:profileinstaller:1.3.0] AndroidManifest.xml:49:13-51:29
201                <action android:name="androidx.profileinstaller.action.BENCHMARK_OPERATION" />
201-->[androidx.profileinstaller:profileinstaller:1.3.0] AndroidManifest.xml:50:17-95
201-->[androidx.profileinstaller:profileinstaller:1.3.0] AndroidManifest.xml:50:25-92
202            </intent-filter>
203        </receiver>
204    </application>
205
206</manifest>